2019-02-20 09:45:57
<xml>
<ToUserName><![CDATA[gh_63a6c8c6aa21]]></ToUserName>
<FromUserName><![CDATA[oLJ3L5jgSkfPv76iVA-DeKo2rPEc]]></FromUserName>
<CreateTime>1550625344</CreateTime>
<MsgType><![CDATA[image]]></MsgType>
<PicUrl><![CDATA[http://mmbiz.qpic.cn/mmbiz_jpg/MZq0fickYgEyZlX4fwhx7vK9n55wbaRFRGTT9753s3iaw3YEW7gte6AJSWLWCcG0ftmK4f8usVhtQCT5Hr9CiarzA/0]]></PicUrl>
<MsgId>22199620541790026</MsgId>
<MediaId><![CDATA[sJXMIxdPpC1p4T5IE7hSgj4rOIRGsCqEOHE5nt_V-L1sdT_1zTQgLVkNjTMFCQ1H]]></MediaId>
</xml>
<<<<<<<2019-02-20 09:46:13
<xml>
<ToUserName><![CDATA[gh_63a6c8c6aa21]]></ToUserName>
<FromUserName><![CDATA[oLJ3L5jgSkfPv76iVA-DeKo2rPEc]]></FromUserName>
<CreateTime>1550625344</CreateTime>
<MsgType><![CDATA[image]]></MsgType>
<PicUrl><![CDATA[http://mmbiz.qpic.cn/mmbiz_jpg/MZq0fickYgEyZlX4fwhx7vK9n55wbaRFRGTT9753s3iaw3YEW7gte6AJSWLWCcG0ftmK4f8usVhtQCT5Hr9CiarzA/0]]></PicUrl>
<MsgId>22199620541790026</MsgId>
<MediaId><![CDATA[sJXMIxdPpC1p4T5IE7hSgj4rOIRGsCqEOHE5nt_V-L1sdT_1zTQgLVkNjTMFCQ1H]]></MediaId>
</xml>
<<<<<<<2019-02-20 09:48:03
<xml>
<ToUserName><![CDATA[gh_63a6c8c6aa21]]></ToUserName>
<FromUserName><![CDATA[oLJ3L5jgSkfPv76iVA-DeKo2rPEc]]></FromUserName>
<CreateTime>1550625344</CreateTime>
<MsgType><![CDATA[image]]></MsgType>
<PicUrl><![CDATA[http://mmbiz.qpic.cn/mmbiz_jpg/MZq0fickYgEyZlX4fwhx7vK9n55wbaRFRGTT9753s3iaw3YEW7gte6AJSWLWCcG0ftmK4f8usVhtQCT5Hr9CiarzA/0]]></PicUrl>
<MsgId>22199620541790026</MsgId>
<MediaId><![CDATA[sJXMIxdPpC1p4T5IE7hSgj4rOIRGsCqEOHE5nt_V-L1sdT_1zTQgLVkNjTMFCQ1H]]></MediaId>
</xml>
<<<<<<<2019-02-20 09:55:50
<xml>
<ToUserName><![CDATA[gh_63a6c8c6aa21]]></ToUserName>
<FromUserName><![CDATA[oLJ3L5jgSkfPv76iVA-DeKo2rPEc]]></FromUserName>
<CreateTime>1550625344</CreateTime>
<MsgType><![CDATA[image]]></MsgType>
<PicUrl><![CDATA[http://mmbiz.qpic.cn/mmbiz_jpg/MZq0fickYgEyZlX4fwhx7vK9n55wbaRFRGTT9753s3iaw3YEW7gte6AJSWLWCcG0ftmK4f8usVhtQCT5Hr9CiarzA/0]]></PicUrl>
<MsgId>22199620541790026</MsgId>
<MediaId><![CDATA[sJXMIxdPpC1p4T5IE7hSgj4rOIRGsCqEOHE5nt_V-L1sdT_1zTQgLVkNjTMFCQ1H]]></MediaId>
</xml>
<<<<<<<2019-02-20 09:56:25
<xml>
<ToUserName><![CDATA[gh_63a6c8c6aa21]]></ToUserName>
<FromUserName><![CDATA[oLJ3L5jgSkfPv76iVA-DeKo2rPEc]]></FromUserName>
<CreateTime>1550625344</CreateTime>
<MsgType><![CDATA[image]]></MsgType>
<PicUrl><![CDATA[http://mmbiz.qpic.cn/mmbiz_jpg/MZq0fickYgEyZlX4fwhx7vK9n55wbaRFRGTT9753s3iaw3YEW7gte6AJSWLWCcG0ftmK4f8usVhtQCT5Hr9CiarzA/0]]></PicUrl>
<MsgId>22199620541790026</MsgId>
<MediaId><![CDATA[sJXMIxdPpC1p4T5IE7hSgj4rOIRGsCqEOHE5nt_V-L1sdT_1zTQgLVkNjTMFCQ1H]]></MediaId>
</xml>
<<<<<<<2019-02-20 09:56:47
<xml>
<ToUserName><![CDATA[gh_63a6c8c6aa21]]></ToUserName>
<FromUserName><![CDATA[oLJ3L5jgSkfPv76iVA-DeKo2rPEc]]></FromUserName>
<CreateTime>1550625344</CreateTime>
<MsgType><![CDATA[image]]></MsgType>
<PicUrl><![CDATA[http://mmbiz.qpic.cn/mmbiz_jpg/MZq0fickYgEyZlX4fwhx7vK9n55wbaRFRGTT9753s3iaw3YEW7gte6AJSWLWCcG0ftmK4f8usVhtQCT5Hr9CiarzA/0]]></PicUrl>
<MsgId>22199620541790026</MsgId>
<MediaId><![CDATA[sJXMIxdPpC1p4T5IE7hSgj4rOIRGsCqEOHE5nt_V-L1sdT_1zTQgLVkNjTMFCQ1H]]></MediaId>
</xml>
<<<<<<<2019-02-20 09:58:47
<xml>
<ToUserName><![CDATA[gh_63a6c8c6aa21]]></ToUserName>
<FromUserName><![CDATA[oLJ3L5jgSkfPv76iVA-DeKo2rPEc]]></FromUserName>
<CreateTime>1550625344</CreateTime>
<MsgType><![CDATA[image]]></MsgType>
<PicUrl><![CDATA[http://mmbiz.qpic.cn/mmbiz_jpg/MZq0fickYgEyZlX4fwhx7vK9n55wbaRFRGTT9753s3iaw3YEW7gte6AJSWLWCcG0ftmK4f8usVhtQCT5Hr9CiarzA/0]]></PicUrl>
<MsgId>22199620541790026</MsgId>
<MediaId><![CDATA[sJXMIxdPpC1p4T5IE7hSgj4rOIRGsCqEOHE5nt_V-L1sdT_1zTQgLVkNjTMFCQ1H]]></MediaId>
</xml>
<<<<<<<2019-02-20 10:00:56
<xml><ToUserName><![CDATA[gh_63a6c8c6aa21]]></ToUserName>
<FromUserName><![CDATA[oLJ3L5jgSkfPv76iVA-DeKo2rPEc]]></FromUserName>
<CreateTime>1550626765</CreateTime>
<MsgType><![CDATA[event]]></MsgType>
<Event><![CDATA[CLICK]]></Event>
<EventKey><![CDATA[kefu]]></EventKey>
</xml>

<<<<<<<2019-02-20 10:07:47
<xml><ToUserName><![CDATA[gh_63a6c8c6aa21]]></ToUserName>
<FromUserName><![CDATA[oLJ3L5jgSkfPv76iVA-DeKo2rPEc]]></FromUserName>
<CreateTime>1550626765</CreateTime>
<MsgType><![CDATA[event]]></MsgType>
<Event><![CDATA[CLICK]]></Event>
<EventKey><![CDATA[kefu]]></EventKey>
</xml>

<<<<<<<2019-02-20 10:11:38
<xml><ToUserName><![CDATA[gh_63a6c8c6aa21]]></ToUserName>
<FromUserName><![CDATA[oLJ3L5jgSkfPv76iVA-DeKo2rPEc]]></FromUserName>
<CreateTime>1550626765</CreateTime>
<MsgType><![CDATA[event]]></MsgType>
<Event><![CDATA[CLICK]]></Event>
<EventKey><![CDATA[kefu]]></EventKey>
</xml>

<<<<<<<2019-02-20 10:18:54
<xml><ToUserName><![CDATA[gh_63a6c8c6aa21]]></ToUserName>
<FromUserName><![CDATA[oLJ3L5jgSkfPv76iVA-DeKo2rPEc]]></FromUserName>
<CreateTime>1550625344</CreateTime>
<MsgType><![CDATA[image]]></MsgType>
<PicUrl><![CDATA[http://mmbiz.qpic.cn/mmbiz_jpg/MZq0fickYgEyZlX4fwhx7vK9n55wbaRFRGTT9753s3iaw3YEW7gte6AJSWLWCcG0ftmK4f8usVhtQCT5Hr9CiarzA/0]]></PicUrl>
<MsgId>22199620541790026</MsgId>
<MediaId><![CDATA[sJXMIxdPpC1p4T5IE7hSgj4rOIRGsCqEOHE5nt_V-L1sdT_1zTQgLVkNjTMFCQ1H]]></MediaId>
</xml>

<<<<<<<2019-02-20 10:29:26
<xml><ToUserName><![CDATA[gh_63a6c8c6aa21]]></ToUserName>
<FromUserName><![CDATA[oLJ3L5jgSkfPv76iVA-DeKo2rPEc]]></FromUserName>
<CreateTime>1550629663</CreateTime>
<MsgType><![CDATA[voice]]></MsgType>
<MediaId><![CDATA[H3NuCerozCxwSEBydx6c9EsvYevSjkjGJ-7xGkTTWQlw3R_nFAmLSjjfYRzTszOT]]></MediaId>
<Format><![CDATA[amr]]></Format>
<MsgId>22199680245145377</MsgId>
<Recognition><![CDATA[]]></Recognition>
</xml>
<<<<<<<